  Ball.cpp
C:\Users\Andreja\breakout\Breakout2\Ball.cpp(9,37): warning C4305: 'initializing': truncation from 'double' to 'const float'
C:\Users\Andreja\breakout\Breakout2\Ball.cpp(31,11): warning C4244: 'initializing': conversion from 'sf::Int64' to 'float', possible loss of data
C:\Users\Andreja\breakout\Breakout2\Ball.cpp(45,23): warning C4244: 'argument': conversion from 'float' to '_Ty', possible loss of data
          with
          [
              _Ty=int
          ]
C:\Users\Andreja\breakout\Breakout2\Ball.cpp(47,54): warning C4244: 'argument': conversion from 'float' to '_Ty', possible loss of data
          with
          [
              _Ty=int
          ]
C:\Users\Andreja\breakout\Breakout2\Ball.cpp(51,26): warning C4244: 'argument': conversion from 'float' to '_Ty', possible loss of data
          with
          [
              _Ty=int
          ]
C:\Users\Andreja\breakout\Breakout2\Ball.cpp(53,66): warning C4244: 'argument': conversion from 'float' to '_Ty', possible loss of data
          with
          [
              _Ty=int
          ]
  Breakout2.vcxproj -> C:\Users\Andreja\breakout\Breakout2\x64\Debug\Breakout2.exe
